<?xml version="1.0" encoding="UTF-8"?>
<testng-results skipped="0" failed="0" total="2" passed="2">
  <reporter-output>
  </reporter-output>
  <suite name="Default suite" duration-ms="2160" started-at="2019-12-05T13:59:26Z" finished-at="2019-12-05T13:59:28Z">
    <groups>
    </groups>
    <test name="Default test" duration-ms="2160" started-at="2019-12-05T13:59:26Z" finished-at="2019-12-05T13:59:28Z">
      <class name="com.yukthitech.papilio.mongo.TMongoDb">
        <test-method status="PASS" signature="setup()[pri:0, instance:com.yukthitech.papilio.mongo.TMongoDb@54ccb3]" name="setup" is-config="true" duration-ms="698" started-at="2019-12-05T19:29:26Z" finished-at="2019-12-05T19:29:26Z">
          <reporter-output>
          </reporter-output>
        </test-method> <!-- setup -->
        <test-method status="PASS" signature="testBasicWorking()[pri:0, instance:com.yukthitech.papilio.mongo.TMongoDb@54ccb3]" name="testBasicWorking" duration-ms="1363" started-at="2019-12-05T19:29:26Z" finished-at="2019-12-05T19:29:28Z">
          <reporter-output>
          </reporter-output>
        </test-method> <!-- testBasicWorking -->
        <test-method status="PASS" signature="testReexecute()[pri:0, instance:com.yukthitech.papilio.mongo.TMongoDb@54ccb3]" name="testReexecute" duration-ms="66" started-at="2019-12-05T19:29:28Z" depends-on-methods="com.yukthitech.papilio.mongo.TMongoDb.testBasicWorking" finished-at="2019-12-05T19:29:28Z">
          <reporter-output>
          </reporter-output>
        </test-method> <!-- testReexecute -->
        <test-method status="PASS" signature="cleanup()[pri:0, instance:com.yukthitech.papilio.mongo.TMongoDb@54ccb3]" name="cleanup" is-config="true" duration-ms="1" started-at="2019-12-05T19:29:28Z" finished-at="2019-12-05T19:29:28Z">
          <reporter-output>
          </reporter-output>
        </test-method> <!-- cleanup -->
      </class> <!-- com.yukthitech.papilio.mongo.TMongoDb -->
    </test> <!-- Default test -->
  </suite> <!-- Default suite -->
</testng-results>
